<?xml version="1.0" encoding="UTF-8"?>
<!-- Generated by org.testng.reporters.JUnitXMLReporter -->
<testsuite hostname="PremSuwalka" ignored="0" name="Test" tests="2" failures="1" timestamp="13 Apr 2017 01:00:17 GMT" time="0.054" errors="0">
  <testcase name="testCalculateAppriasal" time="0.014" classname="TestNG.TestEmployeeDetails"/>
  <testcase name="testCalculateYearlySalary" time="0.007" classname="TestNG.TestEmployeeDetails">
    <failure type="java.lang.AssertionError" message="8000 expected [96000.0] but found [9600.0]">
      <![CDATA[java.lang.AssertionError: 8000 expected [96000.0] but found [9600.0]
	at TestNG.TestEmployeeDetails.testCalculateYearlySalary(TestEmployeeDetails.java:32)
... Removed 28 stack frames]]>
    </failure>
  </testcase> <!-- testCalculateYearlySalary -->
</testsuite> <!-- Test -->
